-------------------------------------------------------------------------------
Test set: TestRunner
-------------------------------------------------------------------------------
Tests run: 1, Failures: 1, Errors: 0, Skipped: 0, Time elapsed: 6.547 sec <<< FAILURE!
runScenario(TestRunner)  Time elapsed: 5.592 sec  <<< FAILURE!
java.lang.AssertionError: null
	at org.testng.Assert.fail(Assert.java:99)
	at org.testng.Assert.fail(Assert.java:106)
	at helpers.CommonFEHelper.verifySearchBarIsPresent(CommonFEHelper.java:26)
	at stepDefs.FrontendStepDefs.verifyThatTheSearchBarIsVisible(FrontendStepDefs.java:19)
	at âœ½.Verify that the search bar is visible(file:///C:/Users/adity/OneDrive/Desktop/RuangguruQAtest/src/test/java/features/frontendTestCases.feature:11)

