<?xml version="1.0" encoding="UTF-8"?>
<testng-results ignored="0" total="1" passed="0" failed="1" skipped="0">
  <reporter-output>
  </reporter-output>
  <suite started-at="2021-10-10T14:46:45 ICT" name="TestRunner" finished-at="2021-10-10T14:46:51 ICT" duration-ms="6077">
    <groups>
      <group name="cucumber">
        <method signature="AbstractTestNGCucumberTests.runScenario(io.cucumber.testng.PickleWrapper,io.cucumber.testng.FeatureWrapper)[pri:0, instance:TestRunner@7bc1a03d]" name="runScenario" class="io.cucumber.testng.AbstractTestNGCucumberTests"/>
      </group> <!-- cucumber -->
    </groups>
    <test started-at="2021-10-10T14:46:45 ICT" name="Command line test" finished-at="2021-10-10T14:46:51 ICT" duration-ms="6077">
      <class name="TestRunner">
        <test-method is-config="true" signature="setUpClass()[pri:0, instance:TestRunner@7bc1a03d]" started-at="2021-10-10T14:46:45 ICT" name="setUpClass" finished-at="2021-10-10T14:46:46 ICT" duration-ms="422" status="PASS">
          <reporter-output>
          </reporter-output>
        </test-method> <!-- setUpClass -->
        <test-method signature="runScenario(io.cucumber.testng.PickleWrapper,io.cucumber.testng.FeatureWrapper)[pri:0, instance:TestRunner@7bc1a03d]" started-at="2021-10-10T14:46:46 ICT" name="runScenario" description="Runs Cucumber Scenarios" data-provider="scenarios" finished-at="2021-10-10T14:46:51 ICT" duration-ms="5588" status="FAIL">
          <params>
            <param index="0">
              <value>
                <![CDATA["User have to see the search bar in the main page"]]>
              </value>
            </param>
            <param index="1">
              <value>
                <![CDATA["Optional[Skill Academy's main search bar test cases]"]]>
              </value>
            </param>
          </params>
          <exception class="java.lang.AssertionError">
            <message>
              <![CDATA[null]]>
            </message>
            <full-stacktrace>
              <![CDATA[java.lang.AssertionError: null
at org.testng.Assert.fail(Assert.java:99)
at org.testng.Assert.fail(Assert.java:106)
at helpers.CommonFEHelper.verifySearchBarIsPresent(CommonFEHelper.java:26)
at stepDefs.FrontendStepDefs.verifyThatTheSearchBarIsVisible(FrontendStepDefs.java:19)
at âœ½.Verify that the search bar is visible(file:///C:/Users/adity/OneDrive/Desktop/RuangguruQAtest/src/test/java/features/frontendTestCases.feature:11)
]]>
            </full-stacktrace>
          </exception> <!-- java.lang.AssertionError -->
          <reporter-output>
          </reporter-output>
        </test-method> <!-- runScenario -->
        <test-method is-config="true" signature="tearDownClass()[pri:0, instance:TestRunner@7bc1a03d]" started-at="2021-10-10T14:46:51 ICT" name="tearDownClass" finished-at="2021-10-10T14:46:51 ICT" duration-ms="28" status="PASS">
          <reporter-output>
          </reporter-output>
        </test-method> <!-- tearDownClass -->
      </class> <!-- TestRunner -->
    </test> <!-- Command line test -->
  </suite> <!-- TestRunner -->
</testng-results>
