<?xml version="1.0" encoding="UTF-8"?>
<!-- Generated by org.testng.reporters.JUnitReportReporter -->
<testsuite hostname="DESKTOP-16638N7" failures="1" tests="1" name="TestRunner" time="5.588" errors="0" timestamp="2021-10-10T14:46:51 ICT" skipped="0">
  <testcase classname="TestRunner" name="runScenario" time="5.588">
    <failure message="null" type="java.lang.AssertionError">
      <![CDATA[java.lang.AssertionError: null
at org.testng.Assert.fail(Assert.java:99)
at org.testng.Assert.fail(Assert.java:106)
at helpers.CommonFEHelper.verifySearchBarIsPresent(CommonFEHelper.java:26)
at stepDefs.FrontendStepDefs.verifyThatTheSearchBarIsVisible(FrontendStepDefs.java:19)
at âœ½.Verify that the search bar is visible(file:///C:/Users/adity/OneDrive/Desktop/RuangguruQAtest/src/test/java/features/frontendTestCases.feature:11)
]]>
    </failure>
  </testcase> <!-- runScenario -->
  <system-out/>
</testsuite> <!-- TestRunner -->
